# JRE version: OpenJDK Runtime Environment Temurin-17.0.7+7 (17.0.7+7) (build 17.0.7+7)
# Java VM: OpenJDK 64-Bit Server VM Temurin-17.0.7+7 (17.0.7+7, mixed mode, sharing, tiered, compressed oops, compressed class ptrs, g1 gc, windows-amd64)
GC Precious Log:
 CPUs: 12 total, 12 available
 Memory: 16085M
 Large Page Support: Disabled
 NUMA Support: Disabled
 Compressed Oops: Enabled (Zero based)
 Heap Region Size: 4M
 Heap Min Capacity: 8M
 Heap Initial Capacity: 252M
 Heap Max Capacity: 8G
 Pre-touch: Disabled
 Parallel Workers: 10
 Concurrent Workers: 3
 Concurrent Refinement Workers: 10
 Periodic GC: Disabled
Heap:
 garbage-first heap   total 274432K, used 182124K [0x0000000600000000, 0x0000000800000000)
  region size 4096K, 2 young (8192K), 2 survivors (8192K)
 Metaspace       used 103913K, committed 105152K, reserved 1179648K
  class space    used 14462K, committed 15040K, reserved 1048576K
GC Heap History (20 events):
Event: 40.864 GC heap after
{Heap after GC invocations=55 (full 0):
 garbage-first heap   total 274432K, used 133548K [0x0000000600000000, 0x0000000800000000)
  region size 4096K, 4 young (16384K), 4 survivors (16384K)
 Metaspace       used 88397K, committed 89472K, reserved 1179648K
  class space    used 12224K, committed 12736K, reserved 1048576K
}
Event: 41.088 GC heap before
{Heap before GC invocations=55 (full 0):
 garbage-first heap   total 274432K, used 215468K [0x0000000600000000, 0x0000000800000000)
  region size 4096K, 24 young (98304K), 4 survivors (16384K)
 Metaspace       used 88409K, committed 89472K, reserved 1179648K
  class space    used 12224K, committed 12736K, reserved 1048576K
}
Event: 41.096 GC heap after
{Heap after GC invocations=56 (full 0):
 garbage-first heap   total 274432K, used 136317K [0x0000000600000000, 0x0000000800000000)
  region size 4096K, 2 young (8192K), 2 survivors (8192K)
 Metaspace       used 88409K, committed 89472K, reserved 1179648K
  class space    used 12224K, committed 12736K, reserved 1048576K
}
Event: 41.579 GC heap before
{Heap before GC invocations=56 (full 0):
 garbage-first heap   total 274432K, used 218237K [0x0000000600000000, 0x0000000800000000)
  region size 4096K, 22 young (90112K), 2 survivors (8192K)
 Metaspace       used 88415K, committed 89472K, reserved 1179648K
  class space    used 12224K, committed 12736K, reserved 1048576K
}
Event: 41.584 GC heap after
{Heap after GC invocations=57 (full 0):
 garbage-first heap   total 274432K, used 149943K [0x0000000600000000, 0x0000000800000000)
  region size 4096K, 3 young (12288K), 3 survivors (12288K)
 Metaspace       used 88415K, committed 89472K, reserved 1179648K
  class space    used 12224K, committed 12736K, reserved 1048576K
}
Event: 43.096 GC heap before
{Heap before GC invocations=57 (full 0):
 garbage-first heap   total 274432K, used 219575K [0x0000000600000000, 0x0000000800000000)
  region size 4096K, 20 young (81920K), 3 survivors (12288K)
 Metaspace       used 90510K, committed 91584K, reserved 1179648K
  class space    used 12504K, committed 12992K, reserved 1048576K
}
Event: 43.102 GC heap after
{Heap after GC invocations=58 (full 0):
 garbage-first heap   total 274432K, used 155054K [0x0000000600000000, 0x0000000800000000)
  region size 4096K, 2 young (8192K), 2 survivors (8192K)
 Metaspace       used 90510K, committed 91584K, reserved 1179648K
  class space    used 12504K, committed 12992K, reserved 1048576K
}
Event: 43.866 GC heap before
{Heap before GC invocations=58 (full 0):
 garbage-first heap   total 274432K, used 216494K [0x0000000600000000, 0x0000000800000000)
  region size 4096K, 17 young (69632K), 2 survivors (8192K)
 Metaspace       used 94739K, committed 95872K, reserved 1179648K
  class space    used 13103K, committed 13632K, reserved 1048576K
}
Event: 43.870 GC heap after
{Heap after GC invocations=59 (full 0):
 garbage-first heap   total 274432K, used 156885K [0x0000000600000000, 0x0000000800000000)
  region size 4096K, 2 young (8192K), 2 survivors (8192K)
 Metaspace       used 94739K, committed 95872K, reserved 1179648K
  class space    used 13103K, committed 13632K, reserved 1048576K
}
Event: 44.806 GC heap before
{Heap before GC invocations=59 (full 0):
 garbage-first heap   total 274432K, used 222421K [0x0000000600000000, 0x0000000800000000)
  region size 4096K, 18 young (73728K), 2 survivors (8192K)
 Metaspace       used 99175K, committed 100288K, reserved 1179648K
  class space    used 13807K, committed 14336K, reserved 1048576K
}
Event: 44.814 GC heap after
{Heap after GC invocations=60 (full 0):
 garbage-first heap   total 274432K, used 158878K [0x0000000600000000, 0x0000000800000000)
  region size 4096K, 2 young (8192K), 2 survivors (8192K)
 Metaspace       used 99175K, committed 100288K, reserved 1179648K
  class space    used 13807K, committed 14336K, reserved 1048576K
}
Event: 45.828 GC heap before
{Heap before GC invocations=60 (full 0):
 garbage-first heap   total 274432K, used 224414K [0x0000000600000000, 0x0000000800000000)
  region size 4096K, 18 young (73728K), 2 survivors (8192K)
 Metaspace       used 101802K, committed 102976K, reserved 1179648K
  class space    used 14182K, committed 14720K, reserved 1048576K
}
Event: 45.836 GC heap after
{Heap after GC invocations=61 (full 0):
 garbage-first heap   total 274432K, used 163447K [0x0000000600000000, 0x0000000800000000)
  region size 4096K, 3 young (12288K), 3 survivors (12288K)
 Metaspace       used 101802K, committed 102976K, reserved 1179648K
  class space    used 14182K, committed 14720K, reserved 1048576K
}
Event: 46.438 GC heap before
{Heap before GC invocations=61 (full 0):
 garbage-first heap   total 274432K, used 220791K [0x0000000600000000, 0x0000000800000000)
  region size 4096K, 18 young (73728K), 3 survivors (12288K)
 Metaspace       used 103099K, committed 104256K, reserved 1179648K
  class space    used 14353K, committed 14912K, reserved 1048576K
}
Event: 46.445 GC heap after
{Heap after GC invocations=62 (full 0):
 garbage-first heap   total 274432K, used 170614K [0x0000000600000000, 0x0000000800000000)
  region size 4096K, 3 young (12288K), 3 survivors (12288K)
 Metaspace       used 103099K, committed 104256K, reserved 1179648K
  class space    used 14353K, committed 14912K, reserved 1048576K
}
Event: 46.560 GC heap before
{Heap before GC invocations=62 (full 0):
 garbage-first heap   total 274432K, used 223862K [0x0000000600000000, 0x0000000800000000)
  region size 4096K, 17 young (69632K), 3 survivors (12288K)
 Metaspace       used 103110K, committed 104384K, reserved 1179648K
  class space    used 14353K, committed 14912K, reserved 1048576K
}
Event: 46.566 GC heap after
{Heap after GC invocations=63 (full 0):
 garbage-first heap   total 274432K, used 172639K [0x0000000600000000, 0x0000000800000000)
  region size 4096K, 2 young (8192K), 2 survivors (8192K)
 Metaspace       used 103110K, committed 104384K, reserved 1179648K
  class space    used 14353K, committed 14912K, reserved 1048576K
}
Event: 46.647 GC heap before
{Heap before GC invocations=63 (full 0):
 garbage-first heap   total 274432K, used 217695K [0x0000000600000000, 0x0000000800000000)
  region size 4096K, 14 young (57344K), 2 survivors (8192K)
 Metaspace       used 103110K, committed 104384K, reserved 1179648K
  class space    used 14353K, committed 14912K, reserved 1048576K
}
Event: 46.650 GC heap after
{Heap after GC invocations=64 (full 0):
 garbage-first heap   total 274432K, used 172525K [0x0000000600000000, 0x0000000800000000)
  region size 4096K, 2 young (8192K), 2 survivors (8192K)
 Metaspace       used 103110K, committed 104384K, reserved 1179648K
  class space    used 14353K, committed 14912K, reserved 1048576K
}
Event: 47.019 GC heap before
{Heap before GC invocations=64 (full 0):
 garbage-first heap   total 274432K, used 217581K [0x0000000600000000, 0x0000000800000000)
  region size 4096K, 14 young (57344K), 2 survivors (8192K)
 Metaspace       used 103913K, committed 105152K, reserved 1179648K
  class space    used 14462K, committed 15040K, reserved 1048576K
}

