# JRE version: OpenJDK Runtime Environment Temurin-17.0.7+7 (17.0.7+7) (build 17.0.7+7)
# Java VM: OpenJDK 64-Bit Server VM Temurin-17.0.7+7 (17.0.7+7, mixed mode, sharing, tiered, compressed oops, compressed class ptrs, g1 gc, windows-amd64)
GC Precious Log:
 CPUs: 12 total, 12 available
 Memory: 16085M
 Large Page Support: Disabled
 NUMA Support: Disabled
 Compressed Oops: Enabled (Zero based)
 Heap Region Size: 4M
 Heap Min Capacity: 8M
 Heap Initial Capacity: 252M
 Heap Max Capacity: 8G
 Pre-touch: Disabled
 Parallel Workers: 10
 Concurrent Workers: 3
 Concurrent Refinement Workers: 10
 Periodic GC: Disabled
Heap:
 garbage-first heap   total 159744K, used 88284K [0x0000000600000000, 0x0000000800000000)
  region size 4096K, 4 young (16384K), 2 survivors (8192K)
 Metaspace       used 75576K, committed 76480K, reserved 1179648K
  class space    used 10747K, committed 11200K, reserved 1048576K
GC Heap History (20 events):
Event: 16.478 GC heap before
{Heap before GC invocations=23 (full 0):
 garbage-first heap   total 122880K, used 91803K [0x0000000600000000, 0x0000000800000000)
  region size 4096K, 8 young (32768K), 1 survivors (4096K)
 Metaspace       used 57883K, committed 58624K, reserved 1114112K
  class space    used 8203K, committed 8576K, reserved 1048576K
}
Event: 16.480 GC heap after
{Heap after GC invocations=24 (full 0):
 garbage-first heap   total 122880K, used 63809K [0x0000000600000000, 0x0000000800000000)
  region size 4096K, 1 young (4096K), 1 survivors (4096K)
 Metaspace       used 57883K, committed 58624K, reserved 1114112K
  class space    used 8203K, committed 8576K, reserved 1048576K
}
Event: 16.913 GC heap before
{Heap before GC invocations=24 (full 0):
 garbage-first heap   total 122880K, used 92481K [0x0000000600000000, 0x0000000800000000)
  region size 4096K, 8 young (32768K), 1 survivors (4096K)
 Metaspace       used 60540K, committed 61312K, reserved 1114112K
  class space    used 8537K, committed 8896K, reserved 1048576K
}
Event: 16.916 GC heap after
{Heap after GC invocations=25 (full 0):
 garbage-first heap   total 122880K, used 65503K [0x0000000600000000, 0x0000000800000000)
  region size 4096K, 1 young (4096K), 1 survivors (4096K)
 Metaspace       used 60540K, committed 61312K, reserved 1114112K
  class space    used 8537K, committed 8896K, reserved 1048576K
}
Event: 17.305 GC heap before
{Heap before GC invocations=26 (full 0):
 garbage-first heap   total 122880K, used 94175K [0x0000000600000000, 0x0000000800000000)
  region size 4096K, 8 young (32768K), 1 survivors (4096K)
 Metaspace       used 62477K, committed 63232K, reserved 1114112K
  class space    used 8798K, committed 9152K, reserved 1048576K
}
Event: 17.308 GC heap after
{Heap after GC invocations=27 (full 0):
 garbage-first heap   total 122880K, used 66370K [0x0000000600000000, 0x0000000800000000)
  region size 4096K, 1 young (4096K), 1 survivors (4096K)
 Metaspace       used 62477K, committed 63232K, reserved 1114112K
  class space    used 8798K, committed 9152K, reserved 1048576K
}
Event: 17.753 GC heap before
{Heap before GC invocations=27 (full 0):
 garbage-first heap   total 122880K, used 99138K [0x0000000600000000, 0x0000000800000000)
  region size 4096K, 9 young (36864K), 1 survivors (4096K)
 Metaspace       used 64078K, committed 64832K, reserved 1114112K
  class space    used 9022K, committed 9408K, reserved 1048576K
}
Event: 17.757 GC heap after
{Heap after GC invocations=28 (full 0):
 garbage-first heap   total 122880K, used 69807K [0x0000000600000000, 0x0000000800000000)
  region size 4096K, 2 young (8192K), 2 survivors (8192K)
 Metaspace       used 64078K, committed 64832K, reserved 1114112K
  class space    used 9022K, committed 9408K, reserved 1048576K
}
Event: 18.093 GC heap before
{Heap before GC invocations=29 (full 0):
 garbage-first heap   total 131072K, used 94383K [0x0000000600000000, 0x0000000800000000)
  region size 4096K, 8 young (32768K), 2 survivors (8192K)
 Metaspace       used 65344K, committed 66112K, reserved 1114112K
  class space    used 9195K, committed 9536K, reserved 1048576K
}
Event: 18.098 GC heap after
{Heap after GC invocations=30 (full 0):
 garbage-first heap   total 131072K, used 70835K [0x0000000600000000, 0x0000000800000000)
  region size 4096K, 1 young (4096K), 1 survivors (4096K)
 Metaspace       used 65344K, committed 66112K, reserved 1114112K
  class space    used 9195K, committed 9536K, reserved 1048576K
}
Event: 18.460 GC heap before
{Heap before GC invocations=30 (full 0):
 garbage-first heap   total 131072K, used 99507K [0x0000000600000000, 0x0000000800000000)
  region size 4096K, 8 young (32768K), 1 survivors (4096K)
 Metaspace       used 66429K, committed 67264K, reserved 1114112K
  class space    used 9356K, committed 9728K, reserved 1048576K
}
Event: 18.464 GC heap after
{Heap after GC invocations=31 (full 0):
 garbage-first heap   total 131072K, used 73647K [0x0000000600000000, 0x0000000800000000)
  region size 4096K, 1 young (4096K), 1 survivors (4096K)
 Metaspace       used 66429K, committed 67264K, reserved 1114112K
  class space    used 9356K, committed 9728K, reserved 1048576K
}
Event: 18.928 GC heap before
{Heap before GC invocations=32 (full 0):
 garbage-first heap   total 139264K, used 98223K [0x0000000600000000, 0x0000000800000000)
  region size 4096K, 7 young (28672K), 1 survivors (4096K)
 Metaspace       used 68020K, committed 68864K, reserved 1114112K
  class space    used 9631K, committed 10048K, reserved 1048576K
}
Event: 18.932 GC heap after
{Heap after GC invocations=33 (full 0):
 garbage-first heap   total 139264K, used 75938K [0x0000000600000000, 0x0000000800000000)
  region size 4096K, 1 young (4096K), 1 survivors (4096K)
 Metaspace       used 68020K, committed 68864K, reserved 1114112K
  class space    used 9631K, committed 10048K, reserved 1048576K
}
Event: 19.640 GC heap before
{Heap before GC invocations=33 (full 0):
 garbage-first heap   total 139264K, used 104610K [0x0000000600000000, 0x0000000800000000)
  region size 4096K, 9 young (36864K), 1 survivors (4096K)
 Metaspace       used 70213K, committed 71104K, reserved 1114112K
  class space    used 10034K, committed 10432K, reserved 1048576K
}
Event: 19.645 GC heap after
{Heap after GC invocations=34 (full 0):
 garbage-first heap   total 139264K, used 79588K [0x0000000600000000, 0x0000000800000000)
  region size 4096K, 2 young (8192K), 2 survivors (8192K)
 Metaspace       used 70213K, committed 71104K, reserved 1114112K
  class space    used 10034K, committed 10432K, reserved 1048576K
}
Event: 20.195 GC heap before
{Heap before GC invocations=35 (full 0):
 garbage-first heap   total 143360K, used 104164K [0x0000000600000000, 0x0000000800000000)
  region size 4096K, 9 young (36864K), 2 survivors (8192K)
 Metaspace       used 73141K, committed 73984K, reserved 1114112K
  class space    used 10385K, committed 10752K, reserved 1048576K
}
Event: 20.201 GC heap after
{Heap after GC invocations=36 (full 0):
 garbage-first heap   total 143360K, used 82925K [0x0000000600000000, 0x0000000800000000)
  region size 4096K, 2 young (8192K), 2 survivors (8192K)
 Metaspace       used 73141K, committed 73984K, reserved 1114112K
  class space    used 10385K, committed 10752K, reserved 1048576K
}
Event: 38.442 GC heap before
{Heap before GC invocations=36 (full 0):
 garbage-first heap   total 143360K, used 111597K [0x0000000600000000, 0x0000000800000000)
  region size 4096K, 9 young (36864K), 2 survivors (8192K)
 Metaspace       used 75059K, committed 76032K, reserved 1179648K
  class space    used 10674K, committed 11136K, reserved 1048576K
}
Event: 38.448 GC heap after
{Heap after GC invocations=37 (full 0):
 garbage-first heap   total 143360K, used 84188K [0x0000000600000000, 0x0000000800000000)
  region size 4096K, 2 young (8192K), 2 survivors (8192K)
 Metaspace       used 75059K, committed 76032K, reserved 1179648K
  class space    used 10674K, committed 11136K, reserved 1048576K
}

